Timestamp: 2021-11-30 20:40:28.190973 | ProcessId: client_0 | Action: Initial configuration | Object: {'nvalidators': 4, 'nfaulty': 1, 'nclients': 1, 'nclientops': 7, 'sleeptime': 1, 'clienttimeout': 10, 'delta': 2, 'window_size': 5, 'exclude_size': 1, 'failure_config': FailureConfig(failures=[Failure(src='_', dest=3, msg_type=<MsgType.Proposal: 1>, round=2, prob=1, fail_type=<FailType.MsgLoss: 1>, val=None, attr=None), Failure(src='_', dest=3, msg_type=<MsgType.Proposal: 1>, round=3, prob=1, fail_type=<FailType.MsgLoss: 1>, val=None, attr=None), Failure(src='_', dest=2, msg_type=<MsgType.Proposal: 1>, round=4, prob=1, fail_type=<FailType.MsgLoss: 1>, val=None, attr=None), Failure(src='_', dest=2, msg_type=<MsgType.Proposal: 1>, round=5, prob=1, fail_type=<FailType.MsgLoss: 1>, val=None, attr=None)], seed=637713655)} |
Timestamp: 2021-11-30 20:40:28.198120 | ProcessId: client_0 | Event: Sent | MsgType: Request | To: ALL validators | Msg: {'req_id': '0_0', 'command': '0-0'}
Timestamp: 2021-11-30 20:40:28.200164 | ProcessId: client_0 | Event: Sent | MsgType: Request | To: ALL validators | Msg: {'req_id': '0_1', 'command': '0-1'}
Timestamp: 2021-11-30 20:40:28.205465 | ProcessId: client_0 | Event: Sent | MsgType: Request | To: ALL validators | Msg: {'req_id': '0_2', 'command': '0-2'}
Timestamp: 2021-11-30 20:40:28.206321 | ProcessId: client_0 | Event: Sent | MsgType: Request | To: ALL validators | Msg: {'req_id': '0_3', 'command': '0-3'}
Timestamp: 2021-11-30 20:40:28.207217 | ProcessId: client_0 | Event: Sent | MsgType: Request | To: ALL validators | Msg: {'req_id': '0_4', 'command': '0-4'}
Timestamp: 2021-11-30 20:40:28.208148 | ProcessId: client_0 | Event: Sent | MsgType: Request | To: ALL validators | Msg: {'req_id': '0_5', 'command': '0-5'}
Timestamp: 2021-11-30 20:40:28.208929 | ProcessId: client_0 | Event: Sent | MsgType: Request | To: ALL validators | Msg: {'req_id': '0_6', 'command': '0-6'}
Timestamp: 2021-11-30 20:40:28.225492 | ProcessId: client_0 | Event: Received | MsgType: Response | From: validator_1 | Msg: {'req_id': '0_0', 'resp_status': 'success'}
Timestamp: 2021-11-30 20:40:28.229044 | ProcessId: client_0 | Event: Received | MsgType: Response | From: validator_0 | Msg: {'req_id': '0_0', 'resp_status': 'success'}
Timestamp: 2021-11-30 20:40:28.229264 | ProcessId: client_0 | Action: Received f + 1 valid responses | Object: 0_0 |
Timestamp: 2021-11-30 20:40:28.229735 | ProcessId: client_0 | Event: Received | MsgType: Response | From: validator_2 | Msg: {'req_id': '0_0', 'resp_status': 'success'}
Timestamp: 2021-11-30 20:40:28.235188 | ProcessId: client_0 | Event: Received | MsgType: Response | From: validator_1 | Msg: {'req_id': '0_1', 'resp_status': 'success'}
Timestamp: 2021-11-30 20:40:28.238950 | ProcessId: client_0 | Event: Received | MsgType: Response | From: validator_0 | Msg: {'req_id': '0_1', 'resp_status': 'success'}
Timestamp: 2021-11-30 20:40:28.239184 | ProcessId: client_0 | Action: Received f + 1 valid responses | Object: 0_1 |
Timestamp: 2021-11-30 20:40:28.240692 | ProcessId: client_0 | Event: Received | MsgType: Response | From: validator_3 | Msg: {'req_id': '0_0', 'resp_status': 'success'}
Timestamp: 2021-11-30 20:40:28.241686 | ProcessId: client_0 | Event: Received | MsgType: Response | From: validator_3 | Msg: {'req_id': '0_1', 'resp_status': 'success'}
Timestamp: 2021-11-30 20:40:28.245213 | ProcessId: client_0 | Event: Received | MsgType: Response | From: validator_0 | Msg: {'req_id': '0_2', 'resp_status': 'success'}
Timestamp: 2021-11-30 20:40:28.254051 | ProcessId: client_0 | Event: Received | MsgType: Response | From: validator_1 | Msg: {'req_id': '0_2', 'resp_status': 'success'}
Timestamp: 2021-11-30 20:40:28.254381 | ProcessId: client_0 | Action: Received f + 1 valid responses | Object: 0_2 |
Timestamp: 2021-11-30 20:40:28.255100 | ProcessId: client_0 | Event: Received | MsgType: Response | From: validator_3 | Msg: {'req_id': '0_2', 'resp_status': 'success'}
Timestamp: 2021-11-30 20:40:28.260358 | ProcessId: client_0 | Event: Received | MsgType: Response | From: validator_0 | Msg: {'req_id': '0_3', 'resp_status': 'success'}
Timestamp: 2021-11-30 20:40:28.265995 | ProcessId: client_0 | Event: Received | MsgType: Response | From: validator_1 | Msg: {'req_id': '0_3', 'resp_status': 'success'}
Timestamp: 2021-11-30 20:40:28.266223 | ProcessId: client_0 | Action: Received f + 1 valid responses | Object: 0_3 |
Timestamp: 2021-11-30 20:40:28.267245 | ProcessId: client_0 | Event: Received | MsgType: Response | From: validator_2 | Msg: {'req_id': '0_1', 'resp_status': 'success'}
Timestamp: 2021-11-30 20:40:28.268336 | ProcessId: client_0 | Event: Received | MsgType: Response | From: validator_3 | Msg: {'req_id': '0_3', 'resp_status': 'success'}
Timestamp: 2021-11-30 20:40:28.268671 | ProcessId: client_0 | Event: Received | MsgType: Response | From: validator_2 | Msg: {'req_id': '0_2', 'resp_status': 'success'}
Timestamp: 2021-11-30 20:40:28.269307 | ProcessId: client_0 | Event: Received | MsgType: Response | From: validator_2 | Msg: {'req_id': '0_3', 'resp_status': 'success'}
Timestamp: 2021-11-30 20:40:28.274984 | ProcessId: client_0 | Event: Received | MsgType: Response | From: validator_3 | Msg: {'req_id': '0_4', 'resp_status': 'success'}
Timestamp: 2021-11-30 20:40:28.279850 | ProcessId: client_0 | Event: Received | MsgType: Response | From: validator_0 | Msg: {'req_id': '0_4', 'resp_status': 'success'}
Timestamp: 2021-11-30 20:40:28.280106 | ProcessId: client_0 | Action: Received f + 1 valid responses | Object: 0_4 |
Timestamp: 2021-11-30 20:40:28.280870 | ProcessId: client_0 | Event: Received | MsgType: Response | From: validator_1 | Msg: {'req_id': '0_4', 'resp_status': 'success'}
Timestamp: 2021-11-30 20:40:28.281552 | ProcessId: client_0 | Event: Received | MsgType: Response | From: validator_2 | Msg: {'req_id': '0_4', 'resp_status': 'success'}
Timestamp: 2021-11-30 20:40:31.370062 | ProcessId: client_0 | Action: Retransmitting Request | Object: {'req_id': '0_8', 'command': '0-8'} |
Timestamp: 2021-11-30 20:40:31.377399 | ProcessId: client_0 | Event: Sent | MsgType: Request | To: ALL validators | Msg: {'req_id': '0_8', 'command': '0-8'}
Timestamp: 2021-11-30 20:40:31.379082 | ProcessId: client_0 | Action: Retransmitting Request | Object: {'req_id': '0_13', 'command': '0-13'} |
Timestamp: 2021-11-30 20:40:31.379642 | ProcessId: client_0 | Action: Retransmitting Request | Object: {'req_id': '0_3', 'command': '0-3'} |
Timestamp: 2021-11-30 20:40:31.385305 | ProcessId: client_0 | Event: Sent | MsgType: Request | To: ALL validators | Msg: {'req_id': '0_13', 'command': '0-13'}
Timestamp: 2021-11-30 20:40:31.386435 | ProcessId: client_0 | Event: Sent | MsgType: Request | To: ALL validators | Msg: {'req_id': '0_3', 'command': '0-3'}
Timestamp: 2021-11-30 20:40:31.504681 | ProcessId: client_0 | Action: Retransmitting Request | Object: {'req_id': '0_11', 'command': '0-11'} |
Timestamp: 2021-11-30 20:40:31.510183 | ProcessId: client_0 | Event: Sent | MsgType: Request | To: ALL validators | Msg: {'req_id': '0_11', 'command': '0-11'}
Timestamp: 2021-11-30 20:40:31.756500 | ProcessId: client_0 | Action: Retransmitting Request | Object: {'req_id': '0_14', 'command': '0-14'} |
Timestamp: 2021-11-30 20:40:31.761669 | ProcessId: client_0 | Event: Sent | MsgType: Request | To: ALL validators | Msg: {'req_id': '0_14', 'command': '0-14'}
Timestamp: 2021-11-30 20:40:31.844869 | ProcessId: client_0 | Action: Retransmitting Request | Object: {'req_id': '0_9', 'command': '0-9'} |
Timestamp: 2021-11-30 20:40:31.845709 | ProcessId: client_0 | Action: Retransmitting Request | Object: {'req_id': '0_6', 'command': '0-6'} |
Timestamp: 2021-11-30 20:40:31.846445 | ProcessId: client_0 | Action: Retransmitting Request | Object: {'req_id': '0_2', 'command': '0-2'} |
Timestamp: 2021-11-30 20:40:31.847165 | ProcessId: client_0 | Action: Retransmitting Request | Object: {'req_id': '0_7', 'command': '0-7'} |
Timestamp: 2021-11-30 20:40:31.850228 | ProcessId: client_0 | Action: Retransmitting Request | Object: {'req_id': '0_12', 'command': '0-12'} |
Timestamp: 2021-11-30 20:40:31.851992 | ProcessId: client_0 | Action: Retransmitting Request | Object: {'req_id': '0_10', 'command': '0-10'} |
Timestamp: 2021-11-30 20:40:31.852667 | ProcessId: client_0 | Action: Retransmitting Request | Object: {'req_id': '0_5', 'command': '0-5'} |
Timestamp: 2021-11-30 20:40:31.853312 | ProcessId: client_0 | Action: Retransmitting Request | Object: {'req_id': '0_1', 'command': '0-1'} |
Timestamp: 2021-11-30 20:40:31.855094 | ProcessId: client_0 | Action: Retransmitting Request | Object: {'req_id': '0_4', 'command': '0-4'} |
Timestamp: 2021-11-30 20:40:31.867140 | ProcessId: client_0 | Event: Sent | MsgType: Request | To: ALL validators | Msg: {'req_id': '0_6', 'command': '0-6'}
Timestamp: 2021-11-30 20:40:31.869936 | ProcessId: client_0 | Event: Sent | MsgType: Request | To: ALL validators | Msg: {'req_id': '0_9', 'command': '0-9'}
Timestamp: 2021-11-30 20:40:31.870371 | ProcessId: client_0 | Event: Sent | MsgType: Request | To: ALL validators | Msg: {'req_id': '0_10', 'command': '0-10'}
Timestamp: 2021-11-30 20:40:31.872600 | ProcessId: client_0 | Event: Sent | MsgType: Request | To: ALL validators | Msg: {'req_id': '0_2', 'command': '0-2'}
Timestamp: 2021-11-30 20:40:31.873110 | ProcessId: client_0 | Event: Sent | MsgType: Request | To: ALL validators | Msg: {'req_id': '0_7', 'command': '0-7'}
Timestamp: 2021-11-30 20:40:31.874063 | ProcessId: client_0 | Event: Sent | MsgType: Request | To: ALL validators | Msg: {'req_id': '0_4', 'command': '0-4'}
Timestamp: 2021-11-30 20:40:31.874951 | ProcessId: client_0 | Event: Sent | MsgType: Request | To: ALL validators | Msg: {'req_id': '0_5', 'command': '0-5'}
Timestamp: 2021-11-30 20:40:31.875784 | ProcessId: client_0 | Event: Sent | MsgType: Request | To: ALL validators | Msg: {'req_id': '0_12', 'command': '0-12'}
Timestamp: 2021-11-30 20:40:31.876396 | ProcessId: client_0 | Event: Sent | MsgType: Request | To: ALL validators | Msg: {'req_id': '0_1', 'command': '0-1'}
Timestamp: 2021-11-30 20:40:33.820811 | ProcessId: client_0 | Action: Retransmitting Request | Object: {'req_id': '0_2', 'command': '0-2'} |
Timestamp: 2021-11-30 20:40:33.828271 | ProcessId: client_0 | Event: Sent | MsgType: Request | To: ALL validators | Msg: {'req_id': '0_2', 'command': '0-2'}
Timestamp: 2021-11-30 20:40:33.857069 | ProcessId: client_0 | Action: Retransmitting Request | Object: {'req_id': '0_4', 'command': '0-4'} |
Timestamp: 2021-11-30 20:40:33.858213 | ProcessId: client_0 | Action: Retransmitting Request | Object: {'req_id': '0_8', 'command': '0-8'} |
Timestamp: 2021-11-30 20:40:33.858972 | ProcessId: client_0 | Action: Retransmitting Request | Object: {'req_id': '0_10', 'command': '0-10'} |
Timestamp: 2021-11-30 20:40:33.864217 | ProcessId: client_0 | Action: Retransmitting Request | Object: {'req_id': '0_3', 'command': '0-3'} |
Timestamp: 2021-11-30 20:40:33.866064 | ProcessId: client_0 | Action: Retransmitting Request | Object: {'req_id': '0_5', 'command': '0-5'} |
Timestamp: 2021-11-30 20:40:33.867994 | ProcessId: client_0 | Event: Sent | MsgType: Request | To: ALL validators | Msg: {'req_id': '0_4', 'command': '0-4'}
Timestamp: 2021-11-30 20:40:33.870735 | ProcessId: client_0 | Event: Sent | MsgType: Request | To: ALL validators | Msg: {'req_id': '0_10', 'command': '0-10'}
Timestamp: 2021-11-30 20:40:33.872488 | ProcessId: client_0 | Event: Sent | MsgType: Request | To: ALL validators | Msg: {'req_id': '0_8', 'command': '0-8'}
Timestamp: 2021-11-30 20:40:33.874278 | ProcessId: client_0 | Event: Sent | MsgType: Request | To: ALL validators | Msg: {'req_id': '0_5', 'command': '0-5'}
Timestamp: 2021-11-30 20:40:33.875042 | ProcessId: client_0 | Event: Sent | MsgType: Request | To: ALL validators | Msg: {'req_id': '0_3', 'command': '0-3'}
Timestamp: 2021-11-30 20:40:33.880127 | ProcessId: client_0 | Action: Retransmitting Request | Object: {'req_id': '0_12', 'command': '0-12'} |
Timestamp: 2021-11-30 20:40:33.880593 | ProcessId: client_0 | Action: Retransmitting Request | Object: {'req_id': '0_11', 'command': '0-11'} |
Timestamp: 2021-11-30 20:40:33.883606 | ProcessId: client_0 | Event: Sent | MsgType: Request | To: ALL validators | Msg: {'req_id': '0_12', 'command': '0-12'}
Timestamp: 2021-11-30 20:40:33.884469 | ProcessId: client_0 | Event: Sent | MsgType: Request | To: ALL validators | Msg: {'req_id': '0_11', 'command': '0-11'}
Timestamp: 2021-11-30 20:40:33.887168 | ProcessId: client_0 | Action: Retransmitting Request | Object: {'req_id': '0_6', 'command': '0-6'} |
Timestamp: 2021-11-30 20:40:33.888605 | ProcessId: client_0 | Action: Retransmitting Request | Object: {'req_id': '0_7', 'command': '0-7'} |
Timestamp: 2021-11-30 20:40:33.889022 | ProcessId: client_0 | Action: Retransmitting Request | Object: {'req_id': '0_1', 'command': '0-1'} |
Timestamp: 2021-11-30 20:40:33.889695 | ProcessId: client_0 | Action: Retransmitting Request | Object: {'req_id': '0_14', 'command': '0-14'} |
Timestamp: 2021-11-30 20:40:33.890998 | ProcessId: client_0 | Action: Retransmitting Request | Object: {'req_id': '0_13', 'command': '0-13'} |
Timestamp: 2021-11-30 20:40:33.894085 | ProcessId: client_0 | Action: Retransmitting Request | Object: {'req_id': '0_9', 'command': '0-9'} |
Timestamp: 2021-11-30 20:40:33.896409 | ProcessId: client_0 | Event: Sent | MsgType: Request | To: ALL validators | Msg: {'req_id': '0_6', 'command': '0-6'}
Timestamp: 2021-11-30 20:40:33.899350 | ProcessId: client_0 | Event: Sent | MsgType: Request | To: ALL validators | Msg: {'req_id': '0_7', 'command': '0-7'}
Timestamp: 2021-11-30 20:40:33.899787 | ProcessId: client_0 | Event: Sent | MsgType: Request | To: ALL validators | Msg: {'req_id': '0_14', 'command': '0-14'}
Timestamp: 2021-11-30 20:40:33.900965 | ProcessId: client_0 | Event: Sent | MsgType: Request | To: ALL validators | Msg: {'req_id': '0_1', 'command': '0-1'}
Timestamp: 2021-11-30 20:40:33.901364 | ProcessId: client_0 | Event: Sent | MsgType: Request | To: ALL validators | Msg: {'req_id': '0_13', 'command': '0-13'}
Timestamp: 2021-11-30 20:40:33.902223 | ProcessId: client_0 | Event: Sent | MsgType: Request | To: ALL validators | Msg: {'req_id': '0_9', 'command': '0-9'}
Timestamp: 2021-11-30 20:40:38.208889 | ProcessId: client_0 | Action: Retransmitting Request | Object: {'req_id': '0_5', 'command': '0-5'} |
Timestamp: 2021-11-30 20:40:38.212512 | ProcessId: client_0 | Event: Sent | MsgType: Request | To: ALL validators | Msg: {'req_id': '0_5', 'command': '0-5'}
Timestamp: 2021-11-30 20:40:38.214099 | ProcessId: client_0 | Action: Retransmitting Request | Object: {'req_id': '0_6', 'command': '0-6'} |
Timestamp: 2021-11-30 20:40:38.216024 | ProcessId: client_0 | Event: Sent | MsgType: Request | To: ALL validators | Msg: {'req_id': '0_6', 'command': '0-6'}
Timestamp: 2021-11-30 20:40:41.384541 | ProcessId: client_0 | Action: Retransmitting Request | Object: {'req_id': '0_8', 'command': '0-8'} |
Timestamp: 2021-11-30 20:40:41.392225 | ProcessId: client_0 | Action: Retransmitting Request | Object: {'req_id': '0_13', 'command': '0-13'} |
Timestamp: 2021-11-30 20:40:41.393130 | ProcessId: client_0 | Action: Retransmitting Request | Object: {'req_id': '0_3', 'command': '0-3'} |
Timestamp: 2021-11-30 20:40:41.393733 | ProcessId: client_0 | Event: Sent | MsgType: Request | To: ALL validators | Msg: {'req_id': '0_8', 'command': '0-8'}
Timestamp: 2021-11-30 20:40:41.398583 | ProcessId: client_0 | Event: Sent | MsgType: Request | To: ALL validators | Msg: {'req_id': '0_13', 'command': '0-13'}
Timestamp: 2021-11-30 20:40:41.399069 | ProcessId: client_0 | Event: Sent | MsgType: Request | To: ALL validators | Msg: {'req_id': '0_3', 'command': '0-3'}
Timestamp: 2021-11-30 20:40:41.516552 | ProcessId: client_0 | Action: Retransmitting Request | Object: {'req_id': '0_11', 'command': '0-11'} |
Timestamp: 2021-11-30 20:40:41.523672 | ProcessId: client_0 | Event: Sent | MsgType: Request | To: ALL validators | Msg: {'req_id': '0_11', 'command': '0-11'}
Timestamp: 2021-11-30 20:40:41.768507 | ProcessId: client_0 | Action: Retransmitting Request | Object: {'req_id': '0_14', 'command': '0-14'} |
Timestamp: 2021-11-30 20:40:41.775338 | ProcessId: client_0 | Event: Sent | MsgType: Request | To: ALL validators | Msg: {'req_id': '0_14', 'command': '0-14'}
Timestamp: 2021-11-30 20:40:41.874479 | ProcessId: client_0 | Action: Retransmitting Request | Object: {'req_id': '0_6', 'command': '0-6'} |
Timestamp: 2021-11-30 20:40:41.877159 | ProcessId: client_0 | Action: Retransmitting Request | Object: {'req_id': '0_2', 'command': '0-2'} |
Timestamp: 2021-11-30 20:40:41.878375 | ProcessId: client_0 | Action: Retransmitting Request | Object: {'req_id': '0_10', 'command': '0-10'} |
Timestamp: 2021-11-30 20:40:41.883285 | ProcessId: client_0 | Action: Retransmitting Request | Object: {'req_id': '0_5', 'command': '0-5'} |
Timestamp: 2021-11-30 20:40:41.883989 | ProcessId: client_0 | Action: Retransmitting Request | Object: {'req_id': '0_4', 'command': '0-4'} |
Timestamp: 2021-11-30 20:40:41.884944 | ProcessId: client_0 | Action: Retransmitting Request | Object: {'req_id': '0_12', 'command': '0-12'} |
Timestamp: 2021-11-30 20:40:41.885602 | ProcessId: client_0 | Action: Retransmitting Request | Object: {'req_id': '0_9', 'command': '0-9'} |
Timestamp: 2021-11-30 20:40:41.887826 | ProcessId: client_0 | Action: Retransmitting Request | Object: {'req_id': '0_7', 'command': '0-7'} |
Timestamp: 2021-11-30 20:40:41.892337 | ProcessId: client_0 | Action: Retransmitting Request | Object: {'req_id': '0_1', 'command': '0-1'} |
Timestamp: 2021-11-30 20:40:41.899058 | ProcessId: client_0 | Event: Sent | MsgType: Request | To: ALL validators | Msg: {'req_id': '0_6', 'command': '0-6'}
Timestamp: 2021-11-30 20:40:41.900532 | ProcessId: client_0 | Event: Sent | MsgType: Request | To: ALL validators | Msg: {'req_id': '0_2', 'command': '0-2'}
Timestamp: 2021-11-30 20:40:41.902395 | ProcessId: client_0 | Event: Sent | MsgType: Request | To: ALL validators | Msg: {'req_id': '0_10', 'command': '0-10'}
Timestamp: 2021-11-30 20:40:41.904242 | ProcessId: client_0 | Event: Sent | MsgType: Request | To: ALL validators | Msg: {'req_id': '0_4', 'command': '0-4'}
Timestamp: 2021-11-30 20:40:41.907005 | ProcessId: client_0 | Event: Sent | MsgType: Request | To: ALL validators | Msg: {'req_id': '0_12', 'command': '0-12'}
Timestamp: 2021-11-30 20:40:41.907511 | ProcessId: client_0 | Event: Sent | MsgType: Request | To: ALL validators | Msg: {'req_id': '0_9', 'command': '0-9'}
Timestamp: 2021-11-30 20:40:41.908190 | ProcessId: client_0 | Event: Sent | MsgType: Request | To: ALL validators | Msg: {'req_id': '0_7', 'command': '0-7'}
Timestamp: 2021-11-30 20:40:41.909060 | ProcessId: client_0 | Event: Sent | MsgType: Request | To: ALL validators | Msg: {'req_id': '0_5', 'command': '0-5'}
Timestamp: 2021-11-30 20:40:41.910101 | ProcessId: client_0 | Event: Sent | MsgType: Request | To: ALL validators | Msg: {'req_id': '0_1', 'command': '0-1'}
Timestamp: 2021-11-30 20:40:43.835257 | ProcessId: client_0 | Action: Retransmitting Request | Object: {'req_id': '0_2', 'command': '0-2'} |
Timestamp: 2021-11-30 20:40:43.842554 | ProcessId: client_0 | Event: Sent | MsgType: Request | To: ALL validators | Msg: {'req_id': '0_2', 'command': '0-2'}
Timestamp: 2021-11-30 20:40:43.876651 | ProcessId: client_0 | Action: Retransmitting Request | Object: {'req_id': '0_5', 'command': '0-5'} |
Timestamp: 2021-11-30 20:40:43.877961 | ProcessId: client_0 | Action: Retransmitting Request | Object: {'req_id': '0_4', 'command': '0-4'} |
Timestamp: 2021-11-30 20:40:43.879260 | ProcessId: client_0 | Action: Retransmitting Request | Object: {'req_id': '0_3', 'command': '0-3'} |
Timestamp: 2021-11-30 20:40:43.880257 | ProcessId: client_0 | Action: Retransmitting Request | Object: {'req_id': '0_10', 'command': '0-10'} |
Timestamp: 2021-11-30 20:40:43.880935 | ProcessId: client_0 | Action: Retransmitting Request | Object: {'req_id': '0_8', 'command': '0-8'} |
Timestamp: 2021-11-30 20:40:43.890528 | ProcessId: client_0 | Action: Retransmitting Request | Object: {'req_id': '0_11', 'command': '0-11'} |
Timestamp: 2021-11-30 20:40:43.892211 | ProcessId: client_0 | Action: Retransmitting Request | Object: {'req_id': '0_12', 'command': '0-12'} |
Timestamp: 2021-11-30 20:40:43.894124 | ProcessId: client_0 | Event: Sent | MsgType: Request | To: ALL validators | Msg: {'req_id': '0_3', 'command': '0-3'}
Timestamp: 2021-11-30 20:40:43.896275 | ProcessId: client_0 | Event: Sent | MsgType: Request | To: ALL validators | Msg: {'req_id': '0_4', 'command': '0-4'}
Timestamp: 2021-11-30 20:40:43.896759 | ProcessId: client_0 | Event: Sent | MsgType: Request | To: ALL validators | Msg: {'req_id': '0_8', 'command': '0-8'}
Timestamp: 2021-11-30 20:40:43.897349 | ProcessId: client_0 | Event: Sent | MsgType: Request | To: ALL validators | Msg: {'req_id': '0_5', 'command': '0-5'}
Timestamp: 2021-11-30 20:40:43.897940 | ProcessId: client_0 | Event: Sent | MsgType: Request | To: ALL validators | Msg: {'req_id': '0_10', 'command': '0-10'}
Timestamp: 2021-11-30 20:40:43.900754 | ProcessId: client_0 | Event: Sent | MsgType: Request | To: ALL validators | Msg: {'req_id': '0_12', 'command': '0-12'}
Timestamp: 2021-11-30 20:40:43.901578 | ProcessId: client_0 | Event: Sent | MsgType: Request | To: ALL validators | Msg: {'req_id': '0_11', 'command': '0-11'}
Timestamp: 2021-11-30 20:40:43.902800 | ProcessId: client_0 | Action: Retransmitting Request | Object: {'req_id': '0_6', 'command': '0-6'} |
Timestamp: 2021-11-30 20:40:43.904229 | ProcessId: client_0 | Action: Retransmitting Request | Object: {'req_id': '0_9', 'command': '0-9'} |
Timestamp: 2021-11-30 20:40:43.904928 | ProcessId: client_0 | Action: Retransmitting Request | Object: {'req_id': '0_1', 'command': '0-1'} |
Timestamp: 2021-11-30 20:40:43.905595 | ProcessId: client_0 | Action: Retransmitting Request | Object: {'req_id': '0_14', 'command': '0-14'} |
Timestamp: 2021-11-30 20:40:43.906584 | ProcessId: client_0 | Action: Retransmitting Request | Object: {'req_id': '0_13', 'command': '0-13'} |
Timestamp: 2021-11-30 20:40:43.907080 | ProcessId: client_0 | Action: Retransmitting Request | Object: {'req_id': '0_7', 'command': '0-7'} |
Timestamp: 2021-11-30 20:40:43.911623 | ProcessId: client_0 | Event: Sent | MsgType: Request | To: ALL validators | Msg: {'req_id': '0_6', 'command': '0-6'}
Timestamp: 2021-11-30 20:40:43.914158 | ProcessId: client_0 | Event: Sent | MsgType: Request | To: ALL validators | Msg: {'req_id': '0_14', 'command': '0-14'}
Timestamp: 2021-11-30 20:40:43.914722 | ProcessId: client_0 | Event: Sent | MsgType: Request | To: ALL validators | Msg: {'req_id': '0_1', 'command': '0-1'}
Timestamp: 2021-11-30 20:40:43.915569 | ProcessId: client_0 | Event: Sent | MsgType: Request | To: ALL validators | Msg: {'req_id': '0_13', 'command': '0-13'}
Timestamp: 2021-11-30 20:40:43.916194 | ProcessId: client_0 | Event: Sent | MsgType: Request | To: ALL validators | Msg: {'req_id': '0_9', 'command': '0-9'}
Timestamp: 2021-11-30 20:40:43.917160 | ProcessId: client_0 | Event: Sent | MsgType: Request | To: ALL validators | Msg: {'req_id': '0_7', 'command': '0-7'}
Timestamp: 2021-11-30 20:40:44.397932 | ProcessId: client_0 | Event: Received | MsgType: Response | From: validator_1 | Msg: {'req_id': '0_5', 'resp_status': 'success'}
Timestamp: 2021-11-30 20:40:44.398368 | ProcessId: client_0 | Event: Received | MsgType: Response | From: validator_1 | Msg: {'req_id': '0_6', 'resp_status': 'success'}
Timestamp: 2021-11-30 20:40:44.403700 | ProcessId: client_0 | Event: Received | MsgType: Response | From: validator_0 | Msg: {'req_id': '0_5', 'resp_status': 'success'}
Timestamp: 2021-11-30 20:40:44.404058 | ProcessId: client_0 | Action: Received f + 1 valid responses | Object: 0_5 |
Timestamp: 2021-11-30 20:40:44.404419 | ProcessId: client_0 | Event: Received | MsgType: Response | From: validator_0 | Msg: {'req_id': '0_6', 'resp_status': 'success'}
Timestamp: 2021-11-30 20:40:44.404657 | ProcessId: client_0 | Action: Received f + 1 valid responses | Object: 0_6 |
Timestamp: 2021-11-30 20:40:44.405029 | ProcessId: client_0 | Event: Sent | MsgType: Done | To: parent_process | Msg: None
Timestamp: 2021-11-30 20:40:51.402741 | ProcessId: client_0 | Action: Retransmitting Request | Object: {'req_id': '0_8', 'command': '0-8'} |
Timestamp: 2021-11-30 20:40:51.404355 | ProcessId: client_0 | Action: Retransmitting Request | Object: {'req_id': '0_13', 'command': '0-13'} |
Timestamp: 2021-11-30 20:40:51.405710 | ProcessId: client_0 | Action: Retransmitting Request | Object: {'req_id': '0_3', 'command': '0-3'} |
Timestamp: 2021-11-30 20:40:51.414258 | ProcessId: client_0 | Event: Sent | MsgType: Request | To: ALL validators | Msg: {'req_id': '0_8', 'command': '0-8'}
Timestamp: 2021-11-30 20:40:51.415606 | ProcessId: client_0 | Event: Sent | MsgType: Request | To: ALL validators | Msg: {'req_id': '0_13', 'command': '0-13'}
Timestamp: 2021-11-30 20:40:51.416802 | ProcessId: client_0 | Event: Sent | MsgType: Request | To: ALL validators | Msg: {'req_id': '0_3', 'command': '0-3'}
Timestamp: 2021-11-30 20:40:51.528800 | ProcessId: client_0 | Action: Retransmitting Request | Object: {'req_id': '0_11', 'command': '0-11'} |
Timestamp: 2021-11-30 20:40:51.535310 | ProcessId: client_0 | Event: Sent | MsgType: Request | To: ALL validators | Msg: {'req_id': '0_11', 'command': '0-11'}
Timestamp: 2021-11-30 20:40:51.782043 | ProcessId: client_0 | Action: Retransmitting Request | Object: {'req_id': '0_14', 'command': '0-14'} |
Timestamp: 2021-11-30 20:40:51.788894 | ProcessId: client_0 | Event: Sent | MsgType: Request | To: ALL validators | Msg: {'req_id': '0_14', 'command': '0-14'}
Timestamp: 2021-11-30 20:40:51.905305 | ProcessId: client_0 | Action: Retransmitting Request | Object: {'req_id': '0_6', 'command': '0-6'} |
Timestamp: 2021-11-30 20:40:51.908181 | ProcessId: client_0 | Action: Retransmitting Request | Object: {'req_id': '0_2', 'command': '0-2'} |
Timestamp: 2021-11-30 20:40:51.909504 | ProcessId: client_0 | Action: Retransmitting Request | Object: {'req_id': '0_10', 'command': '0-10'} |
Timestamp: 2021-11-30 20:40:51.912668 | ProcessId: client_0 | Action: Retransmitting Request | Object: {'req_id': '0_5', 'command': '0-5'} |
Timestamp: 2021-11-30 20:40:51.913511 | ProcessId: client_0 | Action: Retransmitting Request | Object: {'req_id': '0_4', 'command': '0-4'} |
Timestamp: 2021-11-30 20:40:51.914701 | ProcessId: client_0 | Action: Retransmitting Request | Object: {'req_id': '0_9', 'command': '0-9'} |
Timestamp: 2021-11-30 20:40:51.915631 | ProcessId: client_0 | Action: Retransmitting Request | Object: {'req_id': '0_1', 'command': '0-1'} |
Timestamp: 2021-11-30 20:40:51.917024 | ProcessId: client_0 | Action: Retransmitting Request | Object: {'req_id': '0_7', 'command': '0-7'} |
Timestamp: 2021-11-30 20:40:51.917583 | ProcessId: client_0 | Action: Retransmitting Request | Object: {'req_id': '0_12', 'command': '0-12'} |
Timestamp: 2021-11-30 20:40:51.924900 | ProcessId: client_0 | Event: Sent | MsgType: Request | To: ALL validators | Msg: {'req_id': '0_6', 'command': '0-6'}
Timestamp: 2021-11-30 20:40:51.928885 | ProcessId: client_0 | Event: Sent | MsgType: Request | To: ALL validators | Msg: {'req_id': '0_2', 'command': '0-2'}
Timestamp: 2021-11-30 20:40:51.929459 | ProcessId: client_0 | Event: Sent | MsgType: Request | To: ALL validators | Msg: {'req_id': '0_10', 'command': '0-10'}
Timestamp: 2021-11-30 20:40:51.932738 | ProcessId: client_0 | Event: Sent | MsgType: Request | To: ALL validators | Msg: {'req_id': '0_7', 'command': '0-7'}
Timestamp: 2021-11-30 20:40:51.933770 | ProcessId: client_0 | Event: Sent | MsgType: Request | To: ALL validators | Msg: {'req_id': '0_5', 'command': '0-5'}
Timestamp: 2021-11-30 20:40:51.934597 | ProcessId: client_0 | Event: Sent | MsgType: Request | To: ALL validators | Msg: {'req_id': '0_4', 'command': '0-4'}
Timestamp: 2021-11-30 20:40:51.935122 | ProcessId: client_0 | Event: Sent | MsgType: Request | To: ALL validators | Msg: {'req_id': '0_1', 'command': '0-1'}
Timestamp: 2021-11-30 20:40:51.936394 | ProcessId: client_0 | Event: Sent | MsgType: Request | To: ALL validators | Msg: {'req_id': '0_9', 'command': '0-9'}
Timestamp: 2021-11-30 20:40:51.936971 | ProcessId: client_0 | Event: Sent | MsgType: Request | To: ALL validators | Msg: {'req_id': '0_12', 'command': '0-12'}
Timestamp: 2021-11-30 20:40:53.852234 | ProcessId: client_0 | Action: Retransmitting Request | Object: {'req_id': '0_2', 'command': '0-2'} |
Timestamp: 2021-11-30 20:40:53.861279 | ProcessId: client_0 | Event: Sent | MsgType: Request | To: ALL validators | Msg: {'req_id': '0_2', 'command': '0-2'}
Timestamp: 2021-11-30 20:40:53.902223 | ProcessId: client_0 | Action: Retransmitting Request | Object: {'req_id': '0_3', 'command': '0-3'} |
Timestamp: 2021-11-30 20:40:53.904456 | ProcessId: client_0 | Action: Retransmitting Request | Object: {'req_id': '0_5', 'command': '0-5'} |
Timestamp: 2021-11-30 20:40:53.905125 | ProcessId: client_0 | Action: Retransmitting Request | Object: {'req_id': '0_12', 'command': '0-12'} |
Timestamp: 2021-11-30 20:40:53.905903 | ProcessId: client_0 | Action: Retransmitting Request | Object: {'req_id': '0_4', 'command': '0-4'} |
Timestamp: 2021-11-30 20:40:53.908494 | ProcessId: client_0 | Action: Retransmitting Request | Object: {'req_id': '0_11', 'command': '0-11'} |
Timestamp: 2021-11-30 20:40:53.911113 | ProcessId: client_0 | Action: Retransmitting Request | Object: {'req_id': '0_8', 'command': '0-8'} |
Timestamp: 2021-11-30 20:40:53.912119 | ProcessId: client_0 | Action: Retransmitting Request | Object: {'req_id': '0_10', 'command': '0-10'} |
Timestamp: 2021-11-30 20:40:53.918035 | ProcessId: client_0 | Action: Retransmitting Request | Object: {'req_id': '0_6', 'command': '0-6'} |
Timestamp: 2021-11-30 20:40:53.918661 | ProcessId: client_0 | Action: Retransmitting Request | Object: {'req_id': '0_1', 'command': '0-1'} |
Timestamp: 2021-11-30 20:40:53.919532 | ProcessId: client_0 | Action: Retransmitting Request | Object: {'req_id': '0_14', 'command': '0-14'} |
Timestamp: 2021-11-30 20:40:53.920179 | ProcessId: client_0 | Action: Retransmitting Request | Object: {'req_id': '0_7', 'command': '0-7'} |
Timestamp: 2021-11-30 20:40:53.923801 | ProcessId: client_0 | Action: Retransmitting Request | Object: {'req_id': '0_9', 'command': '0-9'} |
Timestamp: 2021-11-30 20:40:53.925652 | ProcessId: client_0 | Event: Sent | MsgType: Request | To: ALL validators | Msg: {'req_id': '0_3', 'command': '0-3'}
Timestamp: 2021-11-30 20:40:53.927126 | ProcessId: client_0 | Action: Retransmitting Request | Object: {'req_id': '0_13', 'command': '0-13'} |
Timestamp: 2021-11-30 20:40:53.929955 | ProcessId: client_0 | Event: Sent | MsgType: Request | To: ALL validators | Msg: {'req_id': '0_5', 'command': '0-5'}
Timestamp: 2021-11-30 20:40:53.930339 | ProcessId: client_0 | Event: Sent | MsgType: Request | To: ALL validators | Msg: {'req_id': '0_12', 'command': '0-12'}
Timestamp: 2021-11-30 20:40:53.930956 | ProcessId: client_0 | Event: Sent | MsgType: Request | To: ALL validators | Msg: {'req_id': '0_4', 'command': '0-4'}
Timestamp: 2021-11-30 20:40:53.932607 | ProcessId: client_0 | Event: Sent | MsgType: Request | To: ALL validators | Msg: {'req_id': '0_11', 'command': '0-11'}
Timestamp: 2021-11-30 20:40:53.936842 | ProcessId: client_0 | Event: Sent | MsgType: Request | To: ALL validators | Msg: {'req_id': '0_8', 'command': '0-8'}
Timestamp: 2021-11-30 20:40:53.937202 | ProcessId: client_0 | Event: Sent | MsgType: Request | To: ALL validators | Msg: {'req_id': '0_10', 'command': '0-10'}
Timestamp: 2021-11-30 20:40:53.938339 | ProcessId: client_0 | Event: Sent | MsgType: Request | To: ALL validators | Msg: {'req_id': '0_1', 'command': '0-1'}
Timestamp: 2021-11-30 20:40:53.939205 | ProcessId: client_0 | Event: Sent | MsgType: Request | To: ALL validators | Msg: {'req_id': '0_7', 'command': '0-7'}
Timestamp: 2021-11-30 20:40:53.939735 | ProcessId: client_0 | Event: Sent | MsgType: Request | To: ALL validators | Msg: {'req_id': '0_6', 'command': '0-6'}
Timestamp: 2021-11-30 20:40:53.940311 | ProcessId: client_0 | Event: Sent | MsgType: Request | To: ALL validators | Msg: {'req_id': '0_14', 'command': '0-14'}
Timestamp: 2021-11-30 20:40:53.940759 | ProcessId: client_0 | Event: Sent | MsgType: Request | To: ALL validators | Msg: {'req_id': '0_13', 'command': '0-13'}
Timestamp: 2021-11-30 20:40:53.941184 | ProcessId: client_0 | Event: Sent | MsgType: Request | To: ALL validators | Msg: {'req_id': '0_9', 'command': '0-9'}
Timestamp: 2021-11-30 20:41:01.420674 | ProcessId: client_0 | Action: Retransmitting Request | Object: {'req_id': '0_8', 'command': '0-8'} |
Timestamp: 2021-11-30 20:41:01.422666 | ProcessId: client_0 | Action: Retransmitting Request | Object: {'req_id': '0_13', 'command': '0-13'} |
Timestamp: 2021-11-30 20:41:01.425309 | ProcessId: client_0 | Action: Retransmitting Request | Object: {'req_id': '0_3', 'command': '0-3'} |
Timestamp: 2021-11-30 20:41:01.444730 | ProcessId: client_0 | Event: Sent | MsgType: Request | To: ALL validators | Msg: {'req_id': '0_8', 'command': '0-8'}
Timestamp: 2021-11-30 20:41:01.446005 | ProcessId: client_0 | Event: Sent | MsgType: Request | To: ALL validators | Msg: {'req_id': '0_13', 'command': '0-13'}
Timestamp: 2021-11-30 20:41:01.449648 | ProcessId: client_0 | Event: Sent | MsgType: Request | To: ALL validators | Msg: {'req_id': '0_3', 'command': '0-3'}
Timestamp: 2021-11-30 20:41:01.537710 | ProcessId: client_0 | Action: Retransmitting Request | Object: {'req_id': '0_11', 'command': '0-11'} |
Timestamp: 2021-11-30 20:41:01.542383 | ProcessId: client_0 | Event: Sent | MsgType: Request | To: ALL validators | Msg: {'req_id': '0_11', 'command': '0-11'}
Timestamp: 2021-11-30 20:41:01.795942 | ProcessId: client_0 | Action: Retransmitting Request | Object: {'req_id': '0_14', 'command': '0-14'} |
Timestamp: 2021-11-30 20:41:01.803618 | ProcessId: client_0 | Event: Sent | MsgType: Request | To: ALL validators | Msg: {'req_id': '0_14', 'command': '0-14'}
Timestamp: 2021-11-30 20:41:01.933017 | ProcessId: client_0 | Action: Retransmitting Request | Object: {'req_id': '0_10', 'command': '0-10'} |
Timestamp: 2021-11-30 20:41:01.934260 | ProcessId: client_0 | Action: Retransmitting Request | Object: {'req_id': '0_6', 'command': '0-6'} |
Timestamp: 2021-11-30 20:41:01.938694 | ProcessId: client_0 | Action: Retransmitting Request | Object: {'req_id': '0_5', 'command': '0-5'} |
Timestamp: 2021-11-30 20:41:01.940027 | ProcessId: client_0 | Action: Retransmitting Request | Object: {'req_id': '0_7', 'command': '0-7'} |
Timestamp: 2021-11-30 20:41:01.942038 | ProcessId: client_0 | Action: Retransmitting Request | Object: {'req_id': '0_1', 'command': '0-1'} |
Timestamp: 2021-11-30 20:41:01.943920 | ProcessId: client_0 | Action: Retransmitting Request | Object: {'req_id': '0_12', 'command': '0-12'} |
Timestamp: 2021-11-30 20:41:01.944918 | ProcessId: client_0 | Action: Retransmitting Request | Object: {'req_id': '0_4', 'command': '0-4'} |
Timestamp: 2021-11-30 20:41:01.945682 | ProcessId: client_0 | Action: Retransmitting Request | Object: {'req_id': '0_2', 'command': '0-2'} |
Timestamp: 2021-11-30 20:41:01.950112 | ProcessId: client_0 | Action: Retransmitting Request | Object: {'req_id': '0_9', 'command': '0-9'} |
Timestamp: 2021-11-30 20:41:01.963175 | ProcessId: client_0 | Event: Sent | MsgType: Request | To: ALL validators | Msg: {'req_id': '0_10', 'command': '0-10'}
Timestamp: 2021-11-30 20:41:01.966812 | ProcessId: client_0 | Event: Sent | MsgType: Request | To: ALL validators | Msg: {'req_id': '0_6', 'command': '0-6'}
Timestamp: 2021-11-30 20:41:01.969037 | ProcessId: client_0 | Event: Sent | MsgType: Request | To: ALL validators | Msg: {'req_id': '0_5', 'command': '0-5'}
Timestamp: 2021-11-30 20:41:01.970512 | ProcessId: client_0 | Event: Sent | MsgType: Request | To: ALL validators | Msg: {'req_id': '0_7', 'command': '0-7'}
Timestamp: 2021-11-30 20:41:01.972126 | ProcessId: client_0 | Event: Sent | MsgType: Request | To: ALL validators | Msg: {'req_id': '0_4', 'command': '0-4'}
Timestamp: 2021-11-30 20:41:01.972952 | ProcessId: client_0 | Event: Sent | MsgType: Request | To: ALL validators | Msg: {'req_id': '0_2', 'command': '0-2'}
Timestamp: 2021-11-30 20:41:01.973807 | ProcessId: client_0 | Event: Sent | MsgType: Request | To: ALL validators | Msg: {'req_id': '0_1', 'command': '0-1'}
Timestamp: 2021-11-30 20:41:01.974850 | ProcessId: client_0 | Event: Sent | MsgType: Request | To: ALL validators | Msg: {'req_id': '0_12', 'command': '0-12'}
Timestamp: 2021-11-30 20:41:01.975500 | ProcessId: client_0 | Event: Sent | MsgType: Request | To: ALL validators | Msg: {'req_id': '0_9', 'command': '0-9'}
Timestamp: 2021-11-30 20:41:03.869555 | ProcessId: client_0 | Action: Retransmitting Request | Object: {'req_id': '0_2', 'command': '0-2'} |
Timestamp: 2021-11-30 20:41:03.878675 | ProcessId: client_0 | Event: Sent | MsgType: Request | To: ALL validators | Msg: {'req_id': '0_2', 'command': '0-2'}
Timestamp: 2021-11-30 20:41:03.928732 | ProcessId: client_0 | Action: Retransmitting Request | Object: {'req_id': '0_3', 'command': '0-3'} |
Timestamp: 2021-11-30 20:41:03.935285 | ProcessId: client_0 | Event: Sent | MsgType: Request | To: ALL validators | Msg: {'req_id': '0_3', 'command': '0-3'}
Timestamp: 2021-11-30 20:41:03.936723 | ProcessId: client_0 | Action: Retransmitting Request | Object: {'req_id': '0_5', 'command': '0-5'} |
Timestamp: 2021-11-30 20:41:03.937871 | ProcessId: client_0 | Action: Retransmitting Request | Object: {'req_id': '0_12', 'command': '0-12'} |
Timestamp: 2021-11-30 20:41:03.939260 | ProcessId: client_0 | Action: Retransmitting Request | Object: {'req_id': '0_4', 'command': '0-4'} |
Timestamp: 2021-11-30 20:41:03.942543 | ProcessId: client_0 | Action: Retransmitting Request | Object: {'req_id': '0_11', 'command': '0-11'} |
Timestamp: 2021-11-30 20:41:03.943352 | ProcessId: client_0 | Action: Retransmitting Request | Object: {'req_id': '0_10', 'command': '0-10'} |
Timestamp: 2021-11-30 20:41:03.944814 | ProcessId: client_0 | Action: Retransmitting Request | Object: {'req_id': '0_7', 'command': '0-7'} |
Timestamp: 2021-11-30 20:41:03.946261 | ProcessId: client_0 | Action: Retransmitting Request | Object: {'req_id': '0_8', 'command': '0-8'} |
Timestamp: 2021-11-30 20:41:03.947992 | ProcessId: client_0 | Action: Retransmitting Request | Object: {'req_id': '0_6', 'command': '0-6'} |
Timestamp: 2021-11-30 20:41:03.948705 | ProcessId: client_0 | Action: Retransmitting Request | Object: {'req_id': '0_1', 'command': '0-1'} |
Timestamp: 2021-11-30 20:41:03.950586 | ProcessId: client_0 | Action: Retransmitting Request | Object: {'req_id': '0_14', 'command': '0-14'} |
Timestamp: 2021-11-30 20:41:03.955052 | ProcessId: client_0 | Action: Retransmitting Request | Object: {'req_id': '0_13', 'command': '0-13'} |
Timestamp: 2021-11-30 20:41:03.955522 | ProcessId: client_0 | Action: Retransmitting Request | Object: {'req_id': '0_9', 'command': '0-9'} |
Timestamp: 2021-11-30 20:41:03.965038 | ProcessId: client_0 | Event: Sent | MsgType: Request | To: ALL validators | Msg: {'req_id': '0_5', 'command': '0-5'}
Timestamp: 2021-11-30 20:41:03.965602 | ProcessId: client_0 | Event: Sent | MsgType: Request | To: ALL validators | Msg: {'req_id': '0_12', 'command': '0-12'}
Timestamp: 2021-11-30 20:41:03.967653 | ProcessId: client_0 | Event: Sent | MsgType: Request | To: ALL validators | Msg: {'req_id': '0_10', 'command': '0-10'}
Timestamp: 2021-11-30 20:41:03.969573 | ProcessId: client_0 | Event: Sent | MsgType: Request | To: ALL validators | Msg: {'req_id': '0_7', 'command': '0-7'}
Timestamp: 2021-11-30 20:41:03.970331 | ProcessId: client_0 | Event: Sent | MsgType: Request | To: ALL validators | Msg: {'req_id': '0_11', 'command': '0-11'}
Timestamp: 2021-11-30 20:41:03.970994 | ProcessId: client_0 | Event: Sent | MsgType: Request | To: ALL validators | Msg: {'req_id': '0_14', 'command': '0-14'}
Timestamp: 2021-11-30 20:41:03.971320 | ProcessId: client_0 | Event: Sent | MsgType: Request | To: ALL validators | Msg: {'req_id': '0_8', 'command': '0-8'}
Timestamp: 2021-11-30 20:41:03.971976 | ProcessId: client_0 | Event: Sent | MsgType: Request | To: ALL validators | Msg: {'req_id': '0_9', 'command': '0-9'}
Timestamp: 2021-11-30 20:41:03.972793 | ProcessId: client_0 | Event: Sent | MsgType: Request | To: ALL validators | Msg: {'req_id': '0_4', 'command': '0-4'}
Timestamp: 2021-11-30 20:41:03.973233 | ProcessId: client_0 | Event: Sent | MsgType: Request | To: ALL validators | Msg: {'req_id': '0_13', 'command': '0-13'}
Timestamp: 2021-11-30 20:41:03.973621 | ProcessId: client_0 | Event: Sent | MsgType: Request | To: ALL validators | Msg: {'req_id': '0_6', 'command': '0-6'}
Timestamp: 2021-11-30 20:41:03.974262 | ProcessId: client_0 | Event: Sent | MsgType: Request | To: ALL validators | Msg: {'req_id': '0_1', 'command': '0-1'}
Timestamp: 2021-11-30 20:41:11.454891 | ProcessId: client_0 | Action: Retransmitting Request | Object: {'req_id': '0_13', 'command': '0-13'} |
Timestamp: 2021-11-30 20:41:11.456653 | ProcessId: client_0 | Action: Retransmitting Request | Object: {'req_id': '0_8', 'command': '0-8'} |
Timestamp: 2021-11-30 20:41:11.458711 | ProcessId: client_0 | Action: Retransmitting Request | Object: {'req_id': '0_3', 'command': '0-3'} |
Timestamp: 2021-11-30 20:41:11.473866 | ProcessId: client_0 | Event: Sent | MsgType: Request | To: ALL validators | Msg: {'req_id': '0_13', 'command': '0-13'}
Timestamp: 2021-11-30 20:41:11.474828 | ProcessId: client_0 | Event: Sent | MsgType: Request | To: ALL validators | Msg: {'req_id': '0_8', 'command': '0-8'}
Timestamp: 2021-11-30 20:41:11.476726 | ProcessId: client_0 | Event: Sent | MsgType: Request | To: ALL validators | Msg: {'req_id': '0_3', 'command': '0-3'}
Timestamp: 2021-11-30 20:41:11.549184 | ProcessId: client_0 | Action: Retransmitting Request | Object: {'req_id': '0_11', 'command': '0-11'} |
Timestamp: 2021-11-30 20:41:11.558301 | ProcessId: client_0 | Event: Sent | MsgType: Request | To: ALL validators | Msg: {'req_id': '0_11', 'command': '0-11'}
Timestamp: 2021-11-30 20:41:11.811197 | ProcessId: client_0 | Action: Retransmitting Request | Object: {'req_id': '0_14', 'command': '0-14'} |
Timestamp: 2021-11-30 20:41:11.820984 | ProcessId: client_0 | Event: Sent | MsgType: Request | To: ALL validators | Msg: {'req_id': '0_14', 'command': '0-14'}
Timestamp: 2021-11-30 20:41:11.971739 | ProcessId: client_0 | Action: Retransmitting Request | Object: {'req_id': '0_10', 'command': '0-10'} |
Timestamp: 2021-11-30 20:41:11.973845 | ProcessId: client_0 | Action: Retransmitting Request | Object: {'req_id': '0_6', 'command': '0-6'} |
Timestamp: 2021-11-30 20:41:11.978237 | ProcessId: client_0 | Action: Retransmitting Request | Object: {'req_id': '0_7', 'command': '0-7'} |
Timestamp: 2021-11-30 20:41:11.980606 | ProcessId: client_0 | Action: Retransmitting Request | Object: {'req_id': '0_4', 'command': '0-4'} |
Timestamp: 2021-11-30 20:41:11.982346 | ProcessId: client_0 | Action: Retransmitting Request | Object: {'req_id': '0_1', 'command': '0-1'} |
Timestamp: 2021-11-30 20:41:11.985606 | ProcessId: client_0 | Action: Retransmitting Request | Object: {'req_id': '0_5', 'command': '0-5'} |
Timestamp: 2021-11-30 20:41:11.986606 | ProcessId: client_0 | Action: Retransmitting Request | Object: {'req_id': '0_12', 'command': '0-12'} |
Timestamp: 2021-11-30 20:41:11.989509 | ProcessId: client_0 | Action: Retransmitting Request | Object: {'req_id': '0_9', 'command': '0-9'} |
Timestamp: 2021-11-30 20:41:11.997138 | ProcessId: client_0 | Action: Retransmitting Request | Object: {'req_id': '0_2', 'command': '0-2'} |
Timestamp: 2021-11-30 20:41:12.004102 | ProcessId: client_0 | Event: Sent | MsgType: Request | To: ALL validators | Msg: {'req_id': '0_10', 'command': '0-10'}
Timestamp: 2021-11-30 20:41:12.010911 | ProcessId: client_0 | Event: Sent | MsgType: Request | To: ALL validators | Msg: {'req_id': '0_5', 'command': '0-5'}
Timestamp: 2021-11-30 20:41:12.011978 | ProcessId: client_0 | Event: Sent | MsgType: Request | To: ALL validators | Msg: {'req_id': '0_1', 'command': '0-1'}
Timestamp: 2021-11-30 20:41:12.012460 | ProcessId: client_0 | Event: Sent | MsgType: Request | To: ALL validators | Msg: {'req_id': '0_4', 'command': '0-4'}
Timestamp: 2021-11-30 20:41:12.013178 | ProcessId: client_0 | Event: Sent | MsgType: Request | To: ALL validators | Msg: {'req_id': '0_6', 'command': '0-6'}
Timestamp: 2021-11-30 20:41:12.014305 | ProcessId: client_0 | Event: Sent | MsgType: Request | To: ALL validators | Msg: {'req_id': '0_7', 'command': '0-7'}
Timestamp: 2021-11-30 20:41:12.015175 | ProcessId: client_0 | Event: Sent | MsgType: Request | To: ALL validators | Msg: {'req_id': '0_9', 'command': '0-9'}
Timestamp: 2021-11-30 20:41:12.016444 | ProcessId: client_0 | Event: Sent | MsgType: Request | To: ALL validators | Msg: {'req_id': '0_12', 'command': '0-12'}
Timestamp: 2021-11-30 20:41:12.016985 | ProcessId: client_0 | Event: Sent | MsgType: Request | To: ALL validators | Msg: {'req_id': '0_2', 'command': '0-2'}
Timestamp: 2021-11-30 20:41:13.890606 | ProcessId: client_0 | Action: Retransmitting Request | Object: {'req_id': '0_2', 'command': '0-2'} |
Timestamp: 2021-11-30 20:41:13.898140 | ProcessId: client_0 | Event: Sent | MsgType: Request | To: ALL validators | Msg: {'req_id': '0_2', 'command': '0-2'}
Timestamp: 2021-11-30 20:41:13.943950 | ProcessId: client_0 | Action: Retransmitting Request | Object: {'req_id': '0_3', 'command': '0-3'} |
Timestamp: 2021-11-30 20:41:13.947546 | ProcessId: client_0 | Event: Sent | MsgType: Request | To: ALL validators | Msg: {'req_id': '0_3', 'command': '0-3'}
Timestamp: 2021-11-30 20:41:13.971511 | ProcessId: client_0 | Action: Retransmitting Request | Object: {'req_id': '0_12', 'command': '0-12'} |
Timestamp: 2021-11-30 20:41:13.972223 | ProcessId: client_0 | Action: Retransmitting Request | Object: {'req_id': '0_5', 'command': '0-5'} |
Timestamp: 2021-11-30 20:41:13.977026 | ProcessId: client_0 | Action: Retransmitting Request | Object: {'req_id': '0_10', 'command': '0-10'} |
Timestamp: 2021-11-30 20:41:13.977747 | ProcessId: client_0 | Action: Retransmitting Request | Object: {'req_id': '0_14', 'command': '0-14'} |
Timestamp: 2021-11-30 20:41:13.978644 | ProcessId: client_0 | Action: Retransmitting Request | Object: {'req_id': '0_7', 'command': '0-7'} |
Timestamp: 2021-11-30 20:41:13.980139 | ProcessId: client_0 | Action: Retransmitting Request | Object: {'req_id': '0_9', 'command': '0-9'} |
Timestamp: 2021-11-30 20:41:13.980732 | ProcessId: client_0 | Action: Retransmitting Request | Object: {'req_id': '0_6', 'command': '0-6'} |
Timestamp: 2021-11-30 20:41:13.982656 | ProcessId: client_0 | Action: Retransmitting Request | Object: {'req_id': '0_4', 'command': '0-4'} |
Timestamp: 2021-11-30 20:41:13.983485 | ProcessId: client_0 | Action: Retransmitting Request | Object: {'req_id': '0_8', 'command': '0-8'} |
Timestamp: 2021-11-30 20:41:13.984635 | ProcessId: client_0 | Action: Retransmitting Request | Object: {'req_id': '0_11', 'command': '0-11'} |
Timestamp: 2021-11-30 20:41:13.985160 | ProcessId: client_0 | Action: Retransmitting Request | Object: {'req_id': '0_13', 'command': '0-13'} |
Timestamp: 2021-11-30 20:41:13.994077 | ProcessId: client_0 | Action: Retransmitting Request | Object: {'req_id': '0_1', 'command': '0-1'} |
Timestamp: 2021-11-30 20:41:14.005355 | ProcessId: client_0 | Event: Sent | MsgType: Request | To: ALL validators | Msg: {'req_id': '0_5', 'command': '0-5'}
Timestamp: 2021-11-30 20:41:14.006086 | ProcessId: client_0 | Event: Sent | MsgType: Request | To: ALL validators | Msg: {'req_id': '0_12', 'command': '0-12'}
Timestamp: 2021-11-30 20:41:14.008512 | ProcessId: client_0 | Event: Sent | MsgType: Request | To: ALL validators | Msg: {'req_id': '0_7', 'command': '0-7'}
Timestamp: 2021-11-30 20:41:14.008889 | ProcessId: client_0 | Event: Sent | MsgType: Request | To: ALL validators | Msg: {'req_id': '0_14', 'command': '0-14'}
Timestamp: 2021-11-30 20:41:14.010033 | ProcessId: client_0 | Event: Sent | MsgType: Request | To: ALL validators | Msg: {'req_id': '0_11', 'command': '0-11'}
Timestamp: 2021-11-30 20:41:14.010512 | ProcessId: client_0 | Event: Sent | MsgType: Request | To: ALL validators | Msg: {'req_id': '0_10', 'command': '0-10'}
Timestamp: 2021-11-30 20:41:14.010824 | ProcessId: client_0 | Event: Sent | MsgType: Request | To: ALL validators | Msg: {'req_id': '0_6', 'command': '0-6'}
Timestamp: 2021-11-30 20:41:14.011162 | ProcessId: client_0 | Event: Sent | MsgType: Request | To: ALL validators | Msg: {'req_id': '0_9', 'command': '0-9'}
Timestamp: 2021-11-30 20:41:14.011507 | ProcessId: client_0 | Event: Sent | MsgType: Request | To: ALL validators | Msg: {'req_id': '0_4', 'command': '0-4'}
Timestamp: 2021-11-30 20:41:14.012534 | ProcessId: client_0 | Event: Sent | MsgType: Request | To: ALL validators | Msg: {'req_id': '0_1', 'command': '0-1'}
Timestamp: 2021-11-30 20:41:14.012997 | ProcessId: client_0 | Event: Sent | MsgType: Request | To: ALL validators | Msg: {'req_id': '0_8', 'command': '0-8'}
Timestamp: 2021-11-30 20:41:14.013540 | ProcessId: client_0 | Event: Sent | MsgType: Request | To: ALL validators | Msg: {'req_id': '0_13', 'command': '0-13'}
Timestamp: 2021-11-30 20:41:21.480169 | ProcessId: client_0 | Action: Retransmitting Request | Object: {'req_id': '0_13', 'command': '0-13'} |
Timestamp: 2021-11-30 20:41:21.482111 | ProcessId: client_0 | Action: Retransmitting Request | Object: {'req_id': '0_8', 'command': '0-8'} |
Timestamp: 2021-11-30 20:41:21.483995 | ProcessId: client_0 | Action: Retransmitting Request | Object: {'req_id': '0_3', 'command': '0-3'} |
Timestamp: 2021-11-30 20:41:21.503248 | ProcessId: client_0 | Event: Sent | MsgType: Request | To: ALL validators | Msg: {'req_id': '0_13', 'command': '0-13'}
Timestamp: 2021-11-30 20:41:21.504486 | ProcessId: client_0 | Event: Sent | MsgType: Request | To: ALL validators | Msg: {'req_id': '0_8', 'command': '0-8'}
Timestamp: 2021-11-30 20:41:21.505808 | ProcessId: client_0 | Event: Sent | MsgType: Request | To: ALL validators | Msg: {'req_id': '0_3', 'command': '0-3'}
Timestamp: 2021-11-30 20:41:21.561624 | ProcessId: client_0 | Action: Retransmitting Request | Object: {'req_id': '0_11', 'command': '0-11'} |
Timestamp: 2021-11-30 20:41:21.566565 | ProcessId: client_0 | Event: Sent | MsgType: Request | To: ALL validators | Msg: {'req_id': '0_11', 'command': '0-11'}
Timestamp: 2021-11-30 20:41:21.825352 | ProcessId: client_0 | Action: Retransmitting Request | Object: {'req_id': '0_14', 'command': '0-14'} |
Timestamp: 2021-11-30 20:41:21.833682 | ProcessId: client_0 | Event: Sent | MsgType: Request | To: ALL validators | Msg: {'req_id': '0_14', 'command': '0-14'}
Timestamp: 2021-11-30 20:41:22.011842 | ProcessId: client_0 | Action: Retransmitting Request | Object: {'req_id': '0_10', 'command': '0-10'} |
Timestamp: 2021-11-30 20:41:22.017825 | ProcessId: client_0 | Action: Retransmitting Request | Object: {'req_id': '0_5', 'command': '0-5'} |
Timestamp: 2021-11-30 20:41:22.020246 | ProcessId: client_0 | Action: Retransmitting Request | Object: {'req_id': '0_9', 'command': '0-9'} |
Timestamp: 2021-11-30 20:41:22.021266 | ProcessId: client_0 | Action: Retransmitting Request | Object: {'req_id': '0_4', 'command': '0-4'} |
Timestamp: 2021-11-30 20:41:22.022093 | ProcessId: client_0 | Action: Retransmitting Request | Object: {'req_id': '0_2', 'command': '0-2'} |
Timestamp: 2021-11-30 20:41:22.023088 | ProcessId: client_0 | Action: Retransmitting Request | Object: {'req_id': '0_6', 'command': '0-6'} |
Timestamp: 2021-11-30 20:41:22.024462 | ProcessId: client_0 | Action: Retransmitting Request | Object: {'req_id': '0_1', 'command': '0-1'} |
Timestamp: 2021-11-30 20:41:22.026528 | ProcessId: client_0 | Action: Retransmitting Request | Object: {'req_id': '0_7', 'command': '0-7'} |
Timestamp: 2021-11-30 20:41:22.029805 | ProcessId: client_0 | Action: Retransmitting Request | Object: {'req_id': '0_12', 'command': '0-12'} |
Timestamp: 2021-11-30 20:41:22.033319 | ProcessId: client_0 | Event: Sent | MsgType: Request | To: ALL validators | Msg: {'req_id': '0_10', 'command': '0-10'}
Timestamp: 2021-11-30 20:41:22.044878 | ProcessId: client_0 | Event: Sent | MsgType: Request | To: ALL validators | Msg: {'req_id': '0_9', 'command': '0-9'}
Timestamp: 2021-11-30 20:41:22.047144 | ProcessId: client_0 | Event: Sent | MsgType: Request | To: ALL validators | Msg: {'req_id': '0_2', 'command': '0-2'}
Timestamp: 2021-11-30 20:41:22.049009 | ProcessId: client_0 | Event: Sent | MsgType: Request | To: ALL validators | Msg: {'req_id': '0_7', 'command': '0-7'}
Timestamp: 2021-11-30 20:41:22.049485 | ProcessId: client_0 | Event: Sent | MsgType: Request | To: ALL validators | Msg: {'req_id': '0_6', 'command': '0-6'}
Timestamp: 2021-11-30 20:41:22.050323 | ProcessId: client_0 | Event: Sent | MsgType: Request | To: ALL validators | Msg: {'req_id': '0_4', 'command': '0-4'}
Timestamp: 2021-11-30 20:41:22.052060 | ProcessId: client_0 | Event: Sent | MsgType: Request | To: ALL validators | Msg: {'req_id': '0_1', 'command': '0-1'}
Timestamp: 2021-11-30 20:41:22.052915 | ProcessId: client_0 | Event: Sent | MsgType: Request | To: ALL validators | Msg: {'req_id': '0_12', 'command': '0-12'}
Timestamp: 2021-11-30 20:41:22.053586 | ProcessId: client_0 | Event: Sent | MsgType: Request | To: ALL validators | Msg: {'req_id': '0_5', 'command': '0-5'}
Timestamp: 2021-11-30 20:41:23.904667 | ProcessId: client_0 | Action: Retransmitting Request | Object: {'req_id': '0_2', 'command': '0-2'} |
Timestamp: 2021-11-30 20:41:23.914813 | ProcessId: client_0 | Event: Sent | MsgType: Request | To: ALL validators | Msg: {'req_id': '0_2', 'command': '0-2'}
Timestamp: 2021-11-30 20:41:23.953562 | ProcessId: client_0 | Action: Retransmitting Request | Object: {'req_id': '0_3', 'command': '0-3'} |
Timestamp: 2021-11-30 20:41:23.958140 | ProcessId: client_0 | Event: Sent | MsgType: Request | To: ALL validators | Msg: {'req_id': '0_3', 'command': '0-3'}
Timestamp: 2021-11-30 20:41:24.012745 | ProcessId: client_0 | Action: Retransmitting Request | Object: {'req_id': '0_7', 'command': '0-7'} |
Timestamp: 2021-11-30 20:41:24.013756 | ProcessId: client_0 | Action: Retransmitting Request | Object: {'req_id': '0_12', 'command': '0-12'} |
Timestamp: 2021-11-30 20:41:24.014823 | ProcessId: client_0 | Action: Retransmitting Request | Object: {'req_id': '0_14', 'command': '0-14'} |
Timestamp: 2021-11-30 20:41:24.015765 | ProcessId: client_0 | Action: Retransmitting Request | Object: {'req_id': '0_5', 'command': '0-5'} |
Timestamp: 2021-11-30 20:41:24.018790 | ProcessId: client_0 | Action: Retransmitting Request | Object: {'req_id': '0_6', 'command': '0-6'} |
Timestamp: 2021-11-30 20:41:24.019484 | ProcessId: client_0 | Action: Retransmitting Request | Object: {'req_id': '0_10', 'command': '0-10'} |
Timestamp: 2021-11-30 20:41:24.020240 | ProcessId: client_0 | Action: Retransmitting Request | Object: {'req_id': '0_13', 'command': '0-13'} |
Timestamp: 2021-11-30 20:41:24.023989 | ProcessId: client_0 | Action: Retransmitting Request | Object: {'req_id': '0_9', 'command': '0-9'} |
Timestamp: 2021-11-30 20:41:24.027429 | ProcessId: client_0 | Action: Retransmitting Request | Object: {'req_id': '0_11', 'command': '0-11'} |
Timestamp: 2021-11-30 20:41:24.028220 | ProcessId: client_0 | Action: Retransmitting Request | Object: {'req_id': '0_8', 'command': '0-8'} |
Timestamp: 2021-11-30 20:41:24.030521 | ProcessId: client_0 | Action: Retransmitting Request | Object: {'req_id': '0_1', 'command': '0-1'} |
Timestamp: 2021-11-30 20:41:24.040104 | ProcessId: client_0 | Action: Retransmitting Request | Object: {'req_id': '0_4', 'command': '0-4'} |
Timestamp: 2021-11-30 20:41:24.055779 | ProcessId: client_0 | Event: Sent | MsgType: Request | To: ALL validators | Msg: {'req_id': '0_12', 'command': '0-12'}
Timestamp: 2021-11-30 20:41:24.062911 | ProcessId: client_0 | Event: Sent | MsgType: Request | To: ALL validators | Msg: {'req_id': '0_5', 'command': '0-5'}
Timestamp: 2021-11-30 20:41:24.063654 | ProcessId: client_0 | Event: Sent | MsgType: Request | To: ALL validators | Msg: {'req_id': '0_4', 'command': '0-4'}
Timestamp: 2021-11-30 20:41:24.065275 | ProcessId: client_0 | Event: Sent | MsgType: Request | To: ALL validators | Msg: {'req_id': '0_7', 'command': '0-7'}
Timestamp: 2021-11-30 20:41:24.066797 | ProcessId: client_0 | Event: Sent | MsgType: Request | To: ALL validators | Msg: {'req_id': '0_8', 'command': '0-8'}
Timestamp: 2021-11-30 20:41:24.067251 | ProcessId: client_0 | Event: Sent | MsgType: Request | To: ALL validators | Msg: {'req_id': '0_6', 'command': '0-6'}
Timestamp: 2021-11-30 20:41:24.067806 | ProcessId: client_0 | Event: Sent | MsgType: Request | To: ALL validators | Msg: {'req_id': '0_11', 'command': '0-11'}
Timestamp: 2021-11-30 20:41:24.069542 | ProcessId: client_0 | Event: Sent | MsgType: Request | To: ALL validators | Msg: {'req_id': '0_14', 'command': '0-14'}
Timestamp: 2021-11-30 20:41:24.070084 | ProcessId: client_0 | Event: Sent | MsgType: Request | To: ALL validators | Msg: {'req_id': '0_9', 'command': '0-9'}
Timestamp: 2021-11-30 20:41:24.070967 | ProcessId: client_0 | Event: Sent | MsgType: Request | To: ALL validators | Msg: {'req_id': '0_13', 'command': '0-13'}
Timestamp: 2021-11-30 20:41:24.071675 | ProcessId: client_0 | Event: Sent | MsgType: Request | To: ALL validators | Msg: {'req_id': '0_10', 'command': '0-10'}
Timestamp: 2021-11-30 20:41:24.072359 | ProcessId: client_0 | Event: Sent | MsgType: Request | To: ALL validators | Msg: {'req_id': '0_1', 'command': '0-1'}
Timestamp: 2021-11-30 20:41:31.513703 | ProcessId: client_0 | Action: Retransmitting Request | Object: {'req_id': '0_3', 'command': '0-3'} |
Timestamp: 2021-11-30 20:41:31.514900 | ProcessId: client_0 | Action: Retransmitting Request | Object: {'req_id': '0_8', 'command': '0-8'} |
Timestamp: 2021-11-30 20:41:31.515790 | ProcessId: client_0 | Action: Retransmitting Request | Object: {'req_id': '0_13', 'command': '0-13'} |
Timestamp: 2021-11-30 20:41:31.529702 | ProcessId: client_0 | Event: Sent | MsgType: Request | To: ALL validators | Msg: {'req_id': '0_8', 'command': '0-8'}
Timestamp: 2021-11-30 20:41:31.531719 | ProcessId: client_0 | Event: Sent | MsgType: Request | To: ALL validators | Msg: {'req_id': '0_3', 'command': '0-3'}
Timestamp: 2021-11-30 20:41:31.532312 | ProcessId: client_0 | Event: Sent | MsgType: Request | To: ALL validators | Msg: {'req_id': '0_13', 'command': '0-13'}
Timestamp: 2021-11-30 20:41:31.572211 | ProcessId: client_0 | Action: Retransmitting Request | Object: {'req_id': '0_11', 'command': '0-11'} |
Timestamp: 2021-11-30 20:41:31.578123 | ProcessId: client_0 | Event: Sent | MsgType: Request | To: ALL validators | Msg: {'req_id': '0_11', 'command': '0-11'}
Timestamp: 2021-11-30 20:41:31.840854 | ProcessId: client_0 | Action: Retransmitting Request | Object: {'req_id': '0_14', 'command': '0-14'} |
Timestamp: 2021-11-30 20:41:31.849974 | ProcessId: client_0 | Event: Sent | MsgType: Request | To: ALL validators | Msg: {'req_id': '0_14', 'command': '0-14'}
Timestamp: 2021-11-30 20:41:32.043980 | ProcessId: client_0 | Action: Retransmitting Request | Object: {'req_id': '0_10', 'command': '0-10'} |
Timestamp: 2021-11-30 20:41:32.048263 | ProcessId: client_0 | Event: Sent | MsgType: Request | To: ALL validators | Msg: {'req_id': '0_10', 'command': '0-10'}
Timestamp: 2021-11-30 20:41:32.050830 | ProcessId: client_0 | Action: Retransmitting Request | Object: {'req_id': '0_9', 'command': '0-9'} |
Timestamp: 2021-11-30 20:41:32.052406 | ProcessId: client_0 | Action: Retransmitting Request | Object: {'req_id': '0_7', 'command': '0-7'} |
Timestamp: 2021-11-30 20:41:32.056206 | ProcessId: client_0 | Action: Retransmitting Request | Object: {'req_id': '0_2', 'command': '0-2'} |
Timestamp: 2021-11-30 20:41:32.057288 | ProcessId: client_0 | Action: Retransmitting Request | Object: {'req_id': '0_5', 'command': '0-5'} |
Timestamp: 2021-11-30 20:41:32.058041 | ProcessId: client_0 | Action: Retransmitting Request | Object: {'req_id': '0_4', 'command': '0-4'} |
Timestamp: 2021-11-30 20:41:32.059400 | ProcessId: client_0 | Action: Retransmitting Request | Object: {'req_id': '0_6', 'command': '0-6'} |
Timestamp: 2021-11-30 20:41:32.065404 | ProcessId: client_0 | Action: Retransmitting Request | Object: {'req_id': '0_12', 'command': '0-12'} |
Timestamp: 2021-11-30 20:41:32.066557 | ProcessId: client_0 | Event: Sent | MsgType: Request | To: ALL validators | Msg: {'req_id': '0_9', 'command': '0-9'}
Timestamp: 2021-11-30 20:41:32.067864 | ProcessId: client_0 | Event: Sent | MsgType: Request | To: ALL validators | Msg: {'req_id': '0_7', 'command': '0-7'}
Timestamp: 2021-11-30 20:41:32.068633 | ProcessId: client_0 | Action: Retransmitting Request | Object: {'req_id': '0_1', 'command': '0-1'} |
Timestamp: 2021-11-30 20:41:32.077903 | ProcessId: client_0 | Event: Sent | MsgType: Request | To: ALL validators | Msg: {'req_id': '0_2', 'command': '0-2'}
Timestamp: 2021-11-30 20:41:32.078744 | ProcessId: client_0 | Event: Sent | MsgType: Request | To: ALL validators | Msg: {'req_id': '0_5', 'command': '0-5'}
Timestamp: 2021-11-30 20:41:32.080749 | ProcessId: client_0 | Event: Sent | MsgType: Request | To: ALL validators | Msg: {'req_id': '0_6', 'command': '0-6'}
Timestamp: 2021-11-30 20:41:32.082314 | ProcessId: client_0 | Event: Sent | MsgType: Request | To: ALL validators | Msg: {'req_id': '0_12', 'command': '0-12'}
Timestamp: 2021-11-30 20:41:32.083173 | ProcessId: client_0 | Event: Sent | MsgType: Request | To: ALL validators | Msg: {'req_id': '0_1', 'command': '0-1'}
Timestamp: 2021-11-30 20:41:32.083657 | ProcessId: client_0 | Event: Sent | MsgType: Request | To: ALL validators | Msg: {'req_id': '0_4', 'command': '0-4'}
Timestamp: 2021-11-30 20:41:33.921253 | ProcessId: client_0 | Action: Retransmitting Request | Object: {'req_id': '0_2', 'command': '0-2'} |
Timestamp: 2021-11-30 20:41:33.932060 | ProcessId: client_0 | Event: Sent | MsgType: Request | To: ALL validators | Msg: {'req_id': '0_2', 'command': '0-2'}
Timestamp: 2021-11-30 20:41:33.961764 | ProcessId: client_0 | Action: Retransmitting Request | Object: {'req_id': '0_3', 'command': '0-3'} |
Timestamp: 2021-11-30 20:41:33.969484 | ProcessId: client_0 | Event: Sent | MsgType: Request | To: ALL validators | Msg: {'req_id': '0_3', 'command': '0-3'}
Timestamp: 2021-11-30 20:41:34.061289 | ProcessId: client_0 | Action: Retransmitting Request | Object: {'req_id': '0_12', 'command': '0-12'} |
Timestamp: 2021-11-30 20:41:34.066941 | ProcessId: client_0 | Event: Sent | MsgType: Request | To: ALL validators | Msg: {'req_id': '0_12', 'command': '0-12'}
Timestamp: 2021-11-30 20:41:34.067946 | ProcessId: client_0 | Action: Retransmitting Request | Object: {'req_id': '0_7', 'command': '0-7'} |
Timestamp: 2021-11-30 20:41:34.069057 | ProcessId: client_0 | Action: Retransmitting Request | Object: {'req_id': '0_4', 'command': '0-4'} |
Timestamp: 2021-11-30 20:41:34.069619 | ProcessId: client_0 | Action: Retransmitting Request | Object: {'req_id': '0_5', 'command': '0-5'} |
Timestamp: 2021-11-30 20:41:34.074535 | ProcessId: client_0 | Action: Retransmitting Request | Object: {'req_id': '0_14', 'command': '0-14'} |
Timestamp: 2021-11-30 20:41:34.075913 | ProcessId: client_0 | Action: Retransmitting Request | Object: {'req_id': '0_6', 'command': '0-6'} |
Timestamp: 2021-11-30 20:41:34.076792 | ProcessId: client_0 | Action: Retransmitting Request | Object: {'req_id': '0_9', 'command': '0-9'} |
Timestamp: 2021-11-30 20:41:34.077567 | ProcessId: client_0 | Action: Retransmitting Request | Object: {'req_id': '0_11', 'command': '0-11'} |
Timestamp: 2021-11-30 20:41:34.078286 | ProcessId: client_0 | Action: Retransmitting Request | Object: {'req_id': '0_13', 'command': '0-13'} |
Timestamp: 2021-11-30 20:41:34.082750 | ProcessId: client_0 | Action: Retransmitting Request | Object: {'req_id': '0_10', 'command': '0-10'} |
Timestamp: 2021-11-30 20:41:34.089954 | ProcessId: client_0 | Action: Retransmitting Request | Object: {'req_id': '0_8', 'command': '0-8'} |
Timestamp: 2021-11-30 20:41:34.092422 | ProcessId: client_0 | Action: Retransmitting Request | Object: {'req_id': '0_1', 'command': '0-1'} |
Timestamp: 2021-11-30 20:41:34.110291 | ProcessId: client_0 | Event: Sent | MsgType: Request | To: ALL validators | Msg: {'req_id': '0_4', 'command': '0-4'}
Timestamp: 2021-11-30 20:41:34.111411 | ProcessId: client_0 | Event: Sent | MsgType: Request | To: ALL validators | Msg: {'req_id': '0_7', 'command': '0-7'}
Timestamp: 2021-11-30 20:41:34.114695 | ProcessId: client_0 | Event: Sent | MsgType: Request | To: ALL validators | Msg: {'req_id': '0_9', 'command': '0-9'}
Timestamp: 2021-11-30 20:41:34.115741 | ProcessId: client_0 | Event: Sent | MsgType: Request | To: ALL validators | Msg: {'req_id': '0_13', 'command': '0-13'}
Timestamp: 2021-11-30 20:41:34.116202 | ProcessId: client_0 | Event: Sent | MsgType: Request | To: ALL validators | Msg: {'req_id': '0_10', 'command': '0-10'}
Timestamp: 2021-11-30 20:41:34.116649 | ProcessId: client_0 | Event: Sent | MsgType: Request | To: ALL validators | Msg: {'req_id': '0_8', 'command': '0-8'}
Timestamp: 2021-11-30 20:41:34.117596 | ProcessId: client_0 | Event: Sent | MsgType: Request | To: ALL validators | Msg: {'req_id': '0_5', 'command': '0-5'}
Timestamp: 2021-11-30 20:41:34.118477 | ProcessId: client_0 | Event: Sent | MsgType: Request | To: ALL validators | Msg: {'req_id': '0_6', 'command': '0-6'}
Timestamp: 2021-11-30 20:41:34.119126 | ProcessId: client_0 | Event: Sent | MsgType: Request | To: ALL validators | Msg: {'req_id': '0_14', 'command': '0-14'}
Timestamp: 2021-11-30 20:41:34.119742 | ProcessId: client_0 | Event: Sent | MsgType: Request | To: ALL validators | Msg: {'req_id': '0_1', 'command': '0-1'}
Timestamp: 2021-11-30 20:41:34.120517 | ProcessId: client_0 | Event: Sent | MsgType: Request | To: ALL validators | Msg: {'req_id': '0_11', 'command': '0-11'}
Timestamp: 2021-11-30 20:41:41.538378 | ProcessId: client_0 | Action: Retransmitting Request | Object: {'req_id': '0_13', 'command': '0-13'} |
Timestamp: 2021-11-30 20:41:41.539418 | ProcessId: client_0 | Action: Retransmitting Request | Object: {'req_id': '0_8', 'command': '0-8'} |
Timestamp: 2021-11-30 20:41:41.540102 | ProcessId: client_0 | Action: Retransmitting Request | Object: {'req_id': '0_3', 'command': '0-3'} |
Timestamp: 2021-11-30 20:41:41.565093 | ProcessId: client_0 | Event: Sent | MsgType: Request | To: ALL validators | Msg: {'req_id': '0_3', 'command': '0-3'}
Timestamp: 2021-11-30 20:41:41.573223 | ProcessId: client_0 | Event: Sent | MsgType: Request | To: ALL validators | Msg: {'req_id': '0_8', 'command': '0-8'}
Timestamp: 2021-11-30 20:41:41.573957 | ProcessId: client_0 | Event: Sent | MsgType: Request | To: ALL validators | Msg: {'req_id': '0_13', 'command': '0-13'}
Timestamp: 2021-11-30 20:41:41.584986 | ProcessId: client_0 | Action: Retransmitting Request | Object: {'req_id': '0_11', 'command': '0-11'} |
Timestamp: 2021-11-30 20:41:41.590390 | ProcessId: client_0 | Event: Sent | MsgType: Request | To: ALL validators | Msg: {'req_id': '0_11', 'command': '0-11'}
Timestamp: 2021-11-30 20:41:41.854666 | ProcessId: client_0 | Action: Retransmitting Request | Object: {'req_id': '0_14', 'command': '0-14'} |
Timestamp: 2021-11-30 20:41:41.860256 | ProcessId: client_0 | Event: Sent | MsgType: Request | To: ALL validators | Msg: {'req_id': '0_14', 'command': '0-14'}
Timestamp: 2021-11-30 20:41:42.054710 | ProcessId: client_0 | Action: Retransmitting Request | Object: {'req_id': '0_10', 'command': '0-10'} |
Timestamp: 2021-11-30 20:41:42.058609 | ProcessId: client_0 | Event: Sent | MsgType: Request | To: ALL validators | Msg: {'req_id': '0_10', 'command': '0-10'}
Timestamp: 2021-11-30 20:41:42.077679 | ProcessId: client_0 | Action: Retransmitting Request | Object: {'req_id': '0_7', 'command': '0-7'} |
Timestamp: 2021-11-30 20:41:42.079277 | ProcessId: client_0 | Action: Retransmitting Request | Object: {'req_id': '0_9', 'command': '0-9'} |
Timestamp: 2021-11-30 20:41:42.087030 | ProcessId: client_0 | Action: Retransmitting Request | Object: {'req_id': '0_2', 'command': '0-2'} |
Timestamp: 2021-11-30 20:41:42.088341 | ProcessId: client_0 | Action: Retransmitting Request | Object: {'req_id': '0_5', 'command': '0-5'} |
Timestamp: 2021-11-30 20:41:42.090515 | ProcessId: client_0 | Action: Retransmitting Request | Object: {'req_id': '0_6', 'command': '0-6'} |
Timestamp: 2021-11-30 20:41:42.091382 | ProcessId: client_0 | Action: Retransmitting Request | Object: {'req_id': '0_1', 'command': '0-1'} |
Timestamp: 2021-11-30 20:41:42.095222 | ProcessId: client_0 | Action: Retransmitting Request | Object: {'req_id': '0_12', 'command': '0-12'} |
Timestamp: 2021-11-30 20:41:42.096725 | ProcessId: client_0 | Action: Retransmitting Request | Object: {'req_id': '0_4', 'command': '0-4'} |
Timestamp: 2021-11-30 20:41:42.106258 | ProcessId: client_0 | Event: Sent | MsgType: Request | To: ALL validators | Msg: {'req_id': '0_9', 'command': '0-9'}
Timestamp: 2021-11-30 20:41:42.108125 | ProcessId: client_0 | Event: Sent | MsgType: Request | To: ALL validators | Msg: {'req_id': '0_7', 'command': '0-7'}
Timestamp: 2021-11-30 20:41:42.114917 | ProcessId: client_0 | Event: Sent | MsgType: Request | To: ALL validators | Msg: {'req_id': '0_12', 'command': '0-12'}
Timestamp: 2021-11-30 20:41:42.115771 | ProcessId: client_0 | Event: Sent | MsgType: Request | To: ALL validators | Msg: {'req_id': '0_1', 'command': '0-1'}
Timestamp: 2021-11-30 20:41:42.116503 | ProcessId: client_0 | Event: Sent | MsgType: Request | To: ALL validators | Msg: {'req_id': '0_6', 'command': '0-6'}
Timestamp: 2021-11-30 20:41:42.118054 | ProcessId: client_0 | Event: Sent | MsgType: Request | To: ALL validators | Msg: {'req_id': '0_2', 'command': '0-2'}
Timestamp: 2021-11-30 20:41:42.118690 | ProcessId: client_0 | Event: Sent | MsgType: Request | To: ALL validators | Msg: {'req_id': '0_5', 'command': '0-5'}
Timestamp: 2021-11-30 20:41:42.119256 | ProcessId: client_0 | Event: Sent | MsgType: Request | To: ALL validators | Msg: {'req_id': '0_4', 'command': '0-4'}
Timestamp: 2021-11-30 20:41:43.936739 | ProcessId: client_0 | Action: Retransmitting Request | Object: {'req_id': '0_2', 'command': '0-2'} |
Timestamp: 2021-11-30 20:41:43.946498 | ProcessId: client_0 | Event: Sent | MsgType: Request | To: ALL validators | Msg: {'req_id': '0_2', 'command': '0-2'}
Timestamp: 2021-11-30 20:41:43.976235 | ProcessId: client_0 | Action: Retransmitting Request | Object: {'req_id': '0_3', 'command': '0-3'} |
Timestamp: 2021-11-30 20:41:43.981993 | ProcessId: client_0 | Event: Sent | MsgType: Request | To: ALL validators | Msg: {'req_id': '0_3', 'command': '0-3'}
Timestamp: 2021-11-30 20:41:44.074590 | ProcessId: client_0 | Action: Retransmitting Request | Object: {'req_id': '0_12', 'command': '0-12'} |
Timestamp: 2021-11-30 20:41:44.083025 | ProcessId: client_0 | Event: Sent | MsgType: Request | To: ALL validators | Msg: {'req_id': '0_12', 'command': '0-12'}
Timestamp: 2021-11-30 20:41:44.118032 | ProcessId: client_0 | Action: Retransmitting Request | Object: {'req_id': '0_4', 'command': '0-4'} |
Timestamp: 2021-11-30 20:41:44.119508 | ProcessId: client_0 | Action: Retransmitting Request | Object: {'req_id': '0_7', 'command': '0-7'} |
Timestamp: 2021-11-30 20:41:44.120727 | ProcessId: client_0 | Action: Retransmitting Request | Object: {'req_id': '0_5', 'command': '0-5'} |
Timestamp: 2021-11-30 20:41:44.123553 | ProcessId: client_0 | Action: Retransmitting Request | Object: {'req_id': '0_9', 'command': '0-9'} |
Timestamp: 2021-11-30 20:41:44.127703 | ProcessId: client_0 | Action: Retransmitting Request | Object: {'req_id': '0_13', 'command': '0-13'} |
Timestamp: 2021-11-30 20:41:44.129712 | ProcessId: client_0 | Action: Retransmitting Request | Object: {'req_id': '0_14', 'command': '0-14'} |
Timestamp: 2021-11-30 20:41:44.138110 | ProcessId: client_0 | Action: Retransmitting Request | Object: {'req_id': '0_6', 'command': '0-6'} |
Timestamp: 2021-11-30 20:41:44.139559 | ProcessId: client_0 | Action: Retransmitting Request | Object: {'req_id': '0_1', 'command': '0-1'} |
Timestamp: 2021-11-30 20:41:44.141379 | ProcessId: client_0 | Action: Retransmitting Request | Object: {'req_id': '0_11', 'command': '0-11'} |
Timestamp: 2021-11-30 20:41:44.142081 | ProcessId: client_0 | Action: Retransmitting Request | Object: {'req_id': '0_10', 'command': '0-10'} |
Timestamp: 2021-11-30 20:41:44.143231 | ProcessId: client_0 | Action: Retransmitting Request | Object: {'req_id': '0_8', 'command': '0-8'} |
Timestamp: 2021-11-30 20:41:44.162415 | ProcessId: client_0 | Event: Sent | MsgType: Request | To: ALL validators | Msg: {'req_id': '0_4', 'command': '0-4'}
Timestamp: 2021-11-30 20:41:44.166022 | ProcessId: client_0 | Event: Sent | MsgType: Request | To: ALL validators | Msg: {'req_id': '0_5', 'command': '0-5'}
Timestamp: 2021-11-30 20:41:44.170284 | ProcessId: client_0 | Event: Sent | MsgType: Request | To: ALL validators | Msg: {'req_id': '0_13', 'command': '0-13'}
Timestamp: 2021-11-30 20:41:44.171692 | ProcessId: client_0 | Event: Sent | MsgType: Request | To: ALL validators | Msg: {'req_id': '0_7', 'command': '0-7'}
Timestamp: 2021-11-30 20:41:44.173405 | ProcessId: client_0 | Event: Sent | MsgType: Request | To: ALL validators | Msg: {'req_id': '0_14', 'command': '0-14'}
Timestamp: 2021-11-30 20:41:44.174240 | ProcessId: client_0 | Event: Sent | MsgType: Request | To: ALL validators | Msg: {'req_id': '0_9', 'command': '0-9'}
Timestamp: 2021-11-30 20:41:44.175084 | ProcessId: client_0 | Event: Sent | MsgType: Request | To: ALL validators | Msg: {'req_id': '0_1', 'command': '0-1'}
Timestamp: 2021-11-30 20:41:44.175775 | ProcessId: client_0 | Event: Sent | MsgType: Request | To: ALL validators | Msg: {'req_id': '0_11', 'command': '0-11'}
Timestamp: 2021-11-30 20:41:44.176792 | ProcessId: client_0 | Event: Sent | MsgType: Request | To: ALL validators | Msg: {'req_id': '0_6', 'command': '0-6'}
Timestamp: 2021-11-30 20:41:44.177831 | ProcessId: client_0 | Event: Sent | MsgType: Request | To: ALL validators | Msg: {'req_id': '0_8', 'command': '0-8'}
Timestamp: 2021-11-30 20:41:44.178302 | ProcessId: client_0 | Event: Sent | MsgType: Request | To: ALL validators | Msg: {'req_id': '0_10', 'command': '0-10'}
Timestamp: 2021-11-30 20:41:51.571418 | ProcessId: client_0 | Action: Retransmitting Request | Object: {'req_id': '0_3', 'command': '0-3'} |
Timestamp: 2021-11-30 20:41:51.577881 | ProcessId: client_0 | Event: Sent | MsgType: Request | To: ALL validators | Msg: {'req_id': '0_3', 'command': '0-3'}
Timestamp: 2021-11-30 20:41:51.579217 | ProcessId: client_0 | Action: Retransmitting Request | Object: {'req_id': '0_8', 'command': '0-8'} |
Timestamp: 2021-11-30 20:41:51.580712 | ProcessId: client_0 | Action: Retransmitting Request | Object: {'req_id': '0_13', 'command': '0-13'} |
Timestamp: 2021-11-30 20:41:51.587857 | ProcessId: client_0 | Event: Sent | MsgType: Request | To: ALL validators | Msg: {'req_id': '0_8', 'command': '0-8'}
Timestamp: 2021-11-30 20:41:51.589422 | ProcessId: client_0 | Event: Sent | MsgType: Request | To: ALL validators | Msg: {'req_id': '0_13', 'command': '0-13'}
Timestamp: 2021-11-30 20:41:51.594577 | ProcessId: client_0 | Action: Retransmitting Request | Object: {'req_id': '0_11', 'command': '0-11'} |
Timestamp: 2021-11-30 20:41:51.598526 | ProcessId: client_0 | Event: Sent | MsgType: Request | To: ALL validators | Msg: {'req_id': '0_11', 'command': '0-11'}
Timestamp: 2021-11-30 20:41:51.867236 | ProcessId: client_0 | Action: Retransmitting Request | Object: {'req_id': '0_14', 'command': '0-14'} |
Timestamp: 2021-11-30 20:41:51.872887 | ProcessId: client_0 | Event: Sent | MsgType: Request | To: ALL validators | Msg: {'req_id': '0_14', 'command': '0-14'}
Timestamp: 2021-11-30 20:41:52.061448 | ProcessId: client_0 | Action: Retransmitting Request | Object: {'req_id': '0_10', 'command': '0-10'} |
Timestamp: 2021-11-30 20:41:52.065309 | ProcessId: client_0 | Event: Sent | MsgType: Request | To: ALL validators | Msg: {'req_id': '0_10', 'command': '0-10'}
Timestamp: 2021-11-30 20:41:52.116386 | ProcessId: client_0 | Action: Retransmitting Request | Object: {'req_id': '0_7', 'command': '0-7'} |
Timestamp: 2021-11-30 20:41:52.117852 | ProcessId: client_0 | Action: Retransmitting Request | Object: {'req_id': '0_9', 'command': '0-9'} |
Timestamp: 2021-11-30 20:41:52.124115 | ProcessId: client_0 | Action: Retransmitting Request | Object: {'req_id': '0_12', 'command': '0-12'} |
Timestamp: 2021-11-30 20:41:52.125128 | ProcessId: client_0 | Action: Retransmitting Request | Object: {'req_id': '0_6', 'command': '0-6'} |
Timestamp: 2021-11-30 20:41:52.126127 | ProcessId: client_0 | Action: Retransmitting Request | Object: {'req_id': '0_5', 'command': '0-5'} |
Timestamp: 2021-11-30 20:41:52.126810 | ProcessId: client_0 | Action: Retransmitting Request | Object: {'req_id': '0_4', 'command': '0-4'} |
Timestamp: 2021-11-30 20:41:52.127527 | ProcessId: client_0 | Action: Retransmitting Request | Object: {'req_id': '0_1', 'command': '0-1'} |
Timestamp: 2021-11-30 20:41:52.128224 | ProcessId: client_0 | Action: Retransmitting Request | Object: {'req_id': '0_2', 'command': '0-2'} |
Timestamp: 2021-11-30 20:41:52.142137 | ProcessId: client_0 | Event: Sent | MsgType: Request | To: ALL validators | Msg: {'req_id': '0_9', 'command': '0-9'}
Timestamp: 2021-11-30 20:41:52.144360 | ProcessId: client_0 | Event: Sent | MsgType: Request | To: ALL validators | Msg: {'req_id': '0_7', 'command': '0-7'}
Timestamp: 2021-11-30 20:41:52.145029 | ProcessId: client_0 | Event: Sent | MsgType: Request | To: ALL validators | Msg: {'req_id': '0_12', 'command': '0-12'}
Timestamp: 2021-11-30 20:41:52.147137 | ProcessId: client_0 | Event: Sent | MsgType: Request | To: ALL validators | Msg: {'req_id': '0_6', 'command': '0-6'}
Timestamp: 2021-11-30 20:41:52.147779 | ProcessId: client_0 | Event: Sent | MsgType: Request | To: ALL validators | Msg: {'req_id': '0_1', 'command': '0-1'}
Timestamp: 2021-11-30 20:41:52.149201 | ProcessId: client_0 | Event: Sent | MsgType: Request | To: ALL validators | Msg: {'req_id': '0_4', 'command': '0-4'}
Timestamp: 2021-11-30 20:41:52.149831 | ProcessId: client_0 | Event: Sent | MsgType: Request | To: ALL validators | Msg: {'req_id': '0_5', 'command': '0-5'}
Timestamp: 2021-11-30 20:41:52.150226 | ProcessId: client_0 | Event: Sent | MsgType: Request | To: ALL validators | Msg: {'req_id': '0_2', 'command': '0-2'}
Timestamp: 2021-11-30 20:41:53.954775 | ProcessId: client_0 | Action: Retransmitting Request | Object: {'req_id': '0_2', 'command': '0-2'} |
Timestamp: 2021-11-30 20:41:53.960516 | ProcessId: client_0 | Event: Sent | MsgType: Request | To: ALL validators | Msg: {'req_id': '0_2', 'command': '0-2'}
Timestamp: 2021-11-30 20:41:53.983790 | ProcessId: client_0 | Action: Retransmitting Request | Object: {'req_id': '0_3', 'command': '0-3'} |
